# JRE version: OpenJDK Runtime Environment JBR-17.0.14+1-1367.22-nomod (17.0.14+1) (build 17.0.14+1-b1367.22)
# Java VM: OpenJDK 64-Bit Server VM JBR-17.0.14+1-1367.22-nomod (17.0.14+1-b1367.22, mixed mode, sharing, tiered, compressed oops, compressed class ptrs, g1 gc, windows-amd64)
GC Precious Log:
 CPUs: 8 total, 8 available
 Memory: 15984M
 Large Page Support: Disabled
 NUMA Support: Disabled
 Compressed Oops: Enabled (Zero based)
 Heap Region Size: 2M
 Heap Min Capacity: 8M
 Heap Initial Capacity: 250M
 Heap Max Capacity: 3998M
 Pre-touch: Disabled
 Parallel Workers: 8
 Concurrent Workers: 2
 Concurrent Refinement Workers: 8
 Periodic GC: Disabled
Heap:
 garbage-first heap   total 200704K, used 149280K [0x0000000706200000, 0x0000000800000000)
  region size 2048K, 30 young (61440K), 4 survivors (8192K)
 Metaspace       used 53104K, committed 53376K, reserved 1114112K
  class space    used 6248K, committed 6400K, reserved 1048576K
GC Heap History (20 events):
Event: 1.728 GC heap after
{Heap after GC invocations=7 (full 0):
 garbage-first heap   total 43008K, used 21500K [0x0000000706200000, 0x0000000800000000)
  region size 2048K, 1 young (2048K), 1 survivors (2048K)
 Metaspace       used 24197K, committed 24384K, reserved 1114112K
  class space    used 3363K, committed 3456K, reserved 1048576K
}
Event: 1.822 GC heap before
{Heap before GC invocations=7 (full 0):
 garbage-first heap   total 43008K, used 29692K [0x0000000706200000, 0x0000000800000000)
  region size 2048K, 5 young (10240K), 1 survivors (2048K)
 Metaspace       used 26619K, committed 26816K, reserved 1114112K
  class space    used 3630K, committed 3712K, reserved 1048576K
}
Event: 1.825 GC heap after
{Heap after GC invocations=8 (full 0):
 garbage-first heap   total 43008K, used 22374K [0x0000000706200000, 0x0000000800000000)
  region size 2048K, 1 young (2048K), 1 survivors (2048K)
 Metaspace       used 26619K, committed 26816K, reserved 1114112K
  class space    used 3630K, committed 3712K, reserved 1048576K
}
Event: 1.888 GC heap before
{Heap before GC invocations=9 (full 0):
 garbage-first heap   total 45056K, used 26470K [0x0000000706200000, 0x0000000800000000)
  region size 2048K, 4 young (8192K), 1 survivors (2048K)
 Metaspace       used 27328K, committed 27520K, reserved 1114112K
  class space    used 3716K, committed 3776K, reserved 1048576K
}
Event: 1.892 GC heap after
{Heap after GC invocations=10 (full 0):
 garbage-first heap   total 151552K, used 20944K [0x0000000706200000, 0x0000000800000000)
  region size 2048K, 1 young (2048K), 1 survivors (2048K)
 Metaspace       used 27328K, committed 27520K, reserved 1114112K
  class space    used 3716K, committed 3776K, reserved 1048576K
}
Event: 2.903 GC heap before
{Heap before GC invocations=10 (full 0):
 garbage-first heap   total 151552K, used 96720K [0x0000000706200000, 0x0000000800000000)
  region size 2048K, 38 young (77824K), 1 survivors (2048K)
 Metaspace       used 38031K, committed 38336K, reserved 1114112K
  class space    used 4777K, committed 4928K, reserved 1048576K
}
Event: 2.919 GC heap after
{Heap after GC invocations=11 (full 0):
 garbage-first heap   total 151552K, used 34443K [0x0000000706200000, 0x0000000800000000)
  region size 2048K, 5 young (10240K), 5 survivors (10240K)
 Metaspace       used 38031K, committed 38336K, reserved 1114112K
  class space    used 4777K, committed 4928K, reserved 1048576K
}
Event: 3.724 GC heap before
{Heap before GC invocations=11 (full 0):
 garbage-first heap   total 151552K, used 104075K [0x0000000706200000, 0x0000000800000000)
  region size 2048K, 38 young (77824K), 5 survivors (10240K)
 Metaspace       used 44368K, committed 44608K, reserved 1114112K
  class space    used 5454K, committed 5568K, reserved 1048576K
}
Event: 3.740 GC heap after
{Heap after GC invocations=12 (full 0):
 garbage-first heap   total 151552K, used 44555K [0x0000000706200000, 0x0000000800000000)
  region size 2048K, 4 young (8192K), 4 survivors (8192K)
 Metaspace       used 44368K, committed 44608K, reserved 1114112K
  class space    used 5454K, committed 5568K, reserved 1048576K
}
Event: 3.854 GC heap before
{Heap before GC invocations=12 (full 0):
 garbage-first heap   total 151552K, used 48651K [0x0000000706200000, 0x0000000800000000)
  region size 2048K, 7 young (14336K), 4 survivors (8192K)
 Metaspace       used 44594K, committed 44800K, reserved 1114112K
  class space    used 5468K, committed 5568K, reserved 1048576K
}
Event: 3.868 GC heap after
{Heap after GC invocations=13 (full 0):
 garbage-first heap   total 151552K, used 46027K [0x0000000706200000, 0x0000000800000000)
  region size 2048K, 1 young (2048K), 1 survivors (2048K)
 Metaspace       used 44594K, committed 44800K, reserved 1114112K
  class space    used 5468K, committed 5568K, reserved 1048576K
}
Event: 5.090 GC heap before
{Heap before GC invocations=14 (full 0):
 garbage-first heap   total 151552K, used 111563K [0x0000000706200000, 0x0000000800000000)
  region size 2048K, 32 young (65536K), 1 survivors (2048K)
 Metaspace       used 49646K, committed 49920K, reserved 1114112K
  class space    used 5961K, committed 6080K, reserved 1048576K
}
Event: 5.112 GC heap after
{Heap after GC invocations=15 (full 0):
 garbage-first heap   total 151552K, used 62862K [0x0000000706200000, 0x0000000800000000)
  region size 2048K, 4 young (8192K), 4 survivors (8192K)
 Metaspace       used 49646K, committed 49920K, reserved 1114112K
  class space    used 5961K, committed 6080K, reserved 1048576K
}
Event: 5.156 GC heap before
{Heap before GC invocations=15 (full 0):
 garbage-first heap   total 151552K, used 64910K [0x0000000706200000, 0x0000000800000000)
  region size 2048K, 5 young (10240K), 4 survivors (8192K)
 Metaspace       used 49712K, committed 49984K, reserved 1114112K
  class space    used 5964K, committed 6080K, reserved 1048576K
}
Event: 5.171 GC heap after
{Heap after GC invocations=16 (full 0):
 garbage-first heap   total 200704K, used 64262K [0x0000000706200000, 0x0000000800000000)
  region size 2048K, 1 young (2048K), 1 survivors (2048K)
 Metaspace       used 49712K, committed 49984K, reserved 1114112K
  class space    used 5964K, committed 6080K, reserved 1048576K
}
Event: 6.521 GC heap before
{Heap before GC invocations=16 (full 0):
 garbage-first heap   total 200704K, used 144134K [0x0000000706200000, 0x0000000800000000)
  region size 2048K, 40 young (81920K), 1 survivors (2048K)
 Metaspace       used 52245K, committed 52544K, reserved 1114112K
  class space    used 6215K, committed 6336K, reserved 1048576K
}
Event: 6.541 GC heap after
{Heap after GC invocations=17 (full 0):
 garbage-first heap   total 200704K, used 82843K [0x0000000706200000, 0x0000000800000000)
  region size 2048K, 5 young (10240K), 5 survivors (10240K)
 Metaspace       used 52245K, committed 52544K, reserved 1114112K
  class space    used 6215K, committed 6336K, reserved 1048576K
}
Event: 7.353 GC heap before
{Heap before GC invocations=17 (full 0):
 garbage-first heap   total 200704K, used 144283K [0x0000000706200000, 0x0000000800000000)
  region size 2048K, 35 young (71680K), 5 survivors (10240K)
 Metaspace       used 52976K, committed 53248K, reserved 1114112K
  class space    used 6240K, committed 6400K, reserved 1048576K
}
Event: 7.379 GC heap after
{Heap after GC invocations=18 (full 0):
 garbage-first heap   total 200704K, used 96032K [0x0000000706200000, 0x0000000800000000)
  region size 2048K, 5 young (10240K), 5 survivors (10240K)
 Metaspace       used 52976K, committed 53248K, reserved 1114112K
  class space    used 6240K, committed 6400K, reserved 1048576K
}
Event: 7.804 GC heap before
{Heap before GC invocations=18 (full 0):
 garbage-first heap   total 200704K, used 149280K [0x0000000706200000, 0x0000000800000000)
  region size 2048K, 31 young (63488K), 5 survivors (10240K)
 Metaspace       used 53104K, committed 53376K, reserved 1114112K
  class space    used 6248K, committed 6400K, reserved 1048576K
}

